mode: set
github.com/kust1q/numa-aware-scheduler/cmd/agent/main.go:14.13,18.20 3 0
github.com/kust1q/numa-aware-scheduler/cmd/agent/main.go:18.20,20.3 1 0
github.com/kust1q/numa-aware-scheduler/cmd/agent/main.go:22.2,23.16 2 0
github.com/kust1q/numa-aware-scheduler/cmd/agent/main.go:23.16,25.3 1 0
github.com/kust1q/numa-aware-scheduler/cmd/agent/main.go:27.2,27.6 1 0
github.com/kust1q/numa-aware-scheduler/cmd/agent/main.go:27.6,29.17 2 0
github.com/kust1q/numa-aware-scheduler/cmd/agent/main.go:29.17,31.4 1 0
github.com/kust1q/numa-aware-scheduler/cmd/agent/main.go:31.9,34.18 3 0
github.com/kust1q/numa-aware-scheduler/cmd/agent/main.go:34.18,36.5 1 0
github.com/kust1q/numa-aware-scheduler/cmd/agent/main.go:36.10,38.5 1 0
github.com/kust1q/numa-aware-scheduler/cmd/agent/main.go:41.3,41.30 1 0
github.com/kust1q/numa-aware-scheduler/pkg/api/v1/deepcopy.go:6.57,11.2 4 0
github.com/kust1q/numa-aware-scheduler/pkg/api/v1/deepcopy.go:14.50,15.15 1 0
github.com/kust1q/numa-aware-scheduler/pkg/api/v1/deepcopy.go:15.15,17.3 1 0
github.com/kust1q/numa-aware-scheduler/pkg/api/v1/deepcopy.go:18.2,20.12 3 0
github.com/kust1q/numa-aware-scheduler/pkg/api/v1/deepcopy.go:24.57,25.34 1 0
github.com/kust1q/numa-aware-scheduler/pkg/api/v1/deepcopy.go:25.34,27.3 1 0
github.com/kust1q/numa-aware-scheduler/pkg/api/v1/deepcopy.go:28.2,28.12 1 0
github.com/kust1q/numa-aware-scheduler/pkg/api/v1/deepcopy.go:31.65,33.25 2 0
github.com/kust1q/numa-aware-scheduler/pkg/api/v1/deepcopy.go:33.25,36.22 3 0
github.com/kust1q/numa-aware-scheduler/pkg/api/v1/deepcopy.go:36.22,38.4 1 0
github.com/kust1q/numa-aware-scheduler/pkg/api/v1/deepcopy.go:42.49,44.20 2 0
github.com/kust1q/numa-aware-scheduler/pkg/api/v1/deepcopy.go:44.20,48.3 3 0
github.com/kust1q/numa-aware-scheduler/pkg/api/v1/deepcopy.go:51.65,55.21 4 0
github.com/kust1q/numa-aware-scheduler/pkg/api/v1/deepcopy.go:55.21,58.22 3 0
github.com/kust1q/numa-aware-scheduler/pkg/api/v1/deepcopy.go:58.22,60.4 1 0
github.com/kust1q/numa-aware-scheduler/pkg/api/v1/deepcopy.go:64.58,65.15 1 0
github.com/kust1q/numa-aware-scheduler/pkg/api/v1/deepcopy.go:65.15,67.3 1 0
github.com/kust1q/numa-aware-scheduler/pkg/api/v1/deepcopy.go:68.2,70.12 3 0
github.com/kust1q/numa-aware-scheduler/pkg/api/v1/deepcopy.go:73.61,74.34 1 0
github.com/kust1q/numa-aware-scheduler/pkg/api/v1/deepcopy.go:74.34,76.3 1 0
github.com/kust1q/numa-aware-scheduler/pkg/api/v1/deepcopy.go:77.2,77.12 1 0
github.com/kust1q/numa-aware-scheduler/internal/agent/discovery/discovery.go:17.47,21.16 3 1
github.com/kust1q/numa-aware-scheduler/internal/agent/discovery/discovery.go:21.16,22.25 1 0
github.com/kust1q/numa-aware-scheduler/internal/agent/discovery/discovery.go:22.25,25.4 1 0
github.com/kust1q/numa-aware-scheduler/internal/agent/discovery/discovery.go:26.3,26.18 1 0
github.com/kust1q/numa-aware-scheduler/internal/agent/discovery/discovery.go:29.2,29.26 1 1
github.com/kust1q/numa-aware-scheduler/internal/agent/discovery/discovery.go:29.26,30.57 1 1
github.com/kust1q/numa-aware-scheduler/internal/agent/discovery/discovery.go:30.57,31.12 1 1
github.com/kust1q/numa-aware-scheduler/internal/agent/discovery/discovery.go:34.3,36.17 3 1
github.com/kust1q/numa-aware-scheduler/internal/agent/discovery/discovery.go:36.17,37.12 1 0
github.com/kust1q/numa-aware-scheduler/internal/agent/discovery/discovery.go:40.3,44.17 4 1
github.com/kust1q/numa-aware-scheduler/internal/agent/discovery/discovery.go:44.17,46.4 1 0
github.com/kust1q/numa-aware-scheduler/internal/agent/discovery/discovery.go:48.3,49.17 2 1
github.com/kust1q/numa-aware-scheduler/internal/agent/discovery/discovery.go:49.17,51.4 1 0
github.com/kust1q/numa-aware-scheduler/internal/agent/discovery/discovery.go:53.3,57.5 1 1
github.com/kust1q/numa-aware-scheduler/internal/agent/discovery/discovery.go:60.2,60.18 1 1
github.com/kust1q/numa-aware-scheduler/internal/agent/discovery/discovery.go:63.47,65.16 2 1
github.com/kust1q/numa-aware-scheduler/internal/agent/discovery/discovery.go:65.16,67.3 1 0
github.com/kust1q/numa-aware-scheduler/internal/agent/discovery/discovery.go:68.2,69.19 2 1
github.com/kust1q/numa-aware-scheduler/internal/agent/discovery/discovery.go:69.19,71.3 1 1
github.com/kust1q/numa-aware-scheduler/internal/agent/discovery/discovery.go:73.2,75.29 3 1
github.com/kust1q/numa-aware-scheduler/internal/agent/discovery/discovery.go:75.29,76.34 1 1
github.com/kust1q/numa-aware-scheduler/internal/agent/discovery/discovery.go:76.34,78.28 2 1
github.com/kust1q/numa-aware-scheduler/internal/agent/discovery/discovery.go:78.28,80.5 1 0
github.com/kust1q/numa-aware-scheduler/internal/agent/discovery/discovery.go:81.4,82.18 2 1
github.com/kust1q/numa-aware-scheduler/internal/agent/discovery/discovery.go:82.18,84.5 1 0
github.com/kust1q/numa-aware-scheduler/internal/agent/discovery/discovery.go:85.4,86.18 2 1
github.com/kust1q/numa-aware-scheduler/internal/agent/discovery/discovery.go:86.18,88.5 1 1
github.com/kust1q/numa-aware-scheduler/internal/agent/discovery/discovery.go:89.4,89.34 1 1
github.com/kust1q/numa-aware-scheduler/internal/agent/discovery/discovery.go:89.34,91.5 1 1
github.com/kust1q/numa-aware-scheduler/internal/agent/discovery/discovery.go:92.9,94.18 2 1
github.com/kust1q/numa-aware-scheduler/internal/agent/discovery/discovery.go:94.18,96.5 1 0
github.com/kust1q/numa-aware-scheduler/internal/agent/discovery/discovery.go:97.4,97.28 1 1
github.com/kust1q/numa-aware-scheduler/internal/agent/discovery/discovery.go:100.2,100.18 1 1
github.com/kust1q/numa-aware-scheduler/internal/agent/discovery/discovery.go:103.47,105.16 2 1
github.com/kust1q/numa-aware-scheduler/internal/agent/discovery/discovery.go:105.16,107.3 1 0
github.com/kust1q/numa-aware-scheduler/internal/agent/discovery/discovery.go:109.2,110.29 2 1
github.com/kust1q/numa-aware-scheduler/internal/agent/discovery/discovery.go:110.29,111.42 1 1
github.com/kust1q/numa-aware-scheduler/internal/agent/discovery/discovery.go:111.42,113.24 2 1
github.com/kust1q/numa-aware-scheduler/internal/agent/discovery/discovery.go:113.24,115.19 2 1
github.com/kust1q/numa-aware-scheduler/internal/agent/discovery/discovery.go:115.19,117.6 1 0
github.com/kust1q/numa-aware-scheduler/internal/agent/discovery/discovery.go:118.5,118.26 1 1
github.com/kust1q/numa-aware-scheduler/internal/agent/discovery/discovery.go:122.2,122.56 1 0
github.com/kust1q/numa-aware-scheduler/internal/agent/k8sclient/client.go:29.29,31.16 2 0
github.com/kust1q/numa-aware-scheduler/internal/agent/k8sclient/client.go:31.16,35.3 1 0
github.com/kust1q/numa-aware-scheduler/internal/agent/k8sclient/client.go:37.2,38.16 2 0
github.com/kust1q/numa-aware-scheduler/internal/agent/k8sclient/client.go:38.16,40.3 1 0
github.com/kust1q/numa-aware-scheduler/internal/agent/k8sclient/client.go:42.2,42.43 1 0
github.com/kust1q/numa-aware-scheduler/internal/agent/k8sclient/client.go:46.104,52.16 4 1
github.com/kust1q/numa-aware-scheduler/internal/agent/k8sclient/client.go:52.16,54.3 1 0
github.com/kust1q/numa-aware-scheduler/internal/agent/k8sclient/client.go:56.2,56.19 1 1
github.com/kust1q/numa-aware-scheduler/internal/agent/k8sclient/client.go:56.19,59.17 3 0
github.com/kust1q/numa-aware-scheduler/internal/agent/k8sclient/client.go:59.17,61.4 1 0
github.com/kust1q/numa-aware-scheduler/internal/agent/k8sclient/client.go:62.3,62.13 1 0
github.com/kust1q/numa-aware-scheduler/internal/agent/k8sclient/client.go:65.2,76.16 3 1
github.com/kust1q/numa-aware-scheduler/internal/agent/k8sclient/client.go:76.16,78.3 1 0
github.com/kust1q/numa-aware-scheduler/internal/agent/k8sclient/client.go:80.2,80.12 1 1
github.com/kust1q/numa-aware-scheduler/internal/agent/k8sclient/client.go:83.67,85.16 2 1
github.com/kust1q/numa-aware-scheduler/internal/agent/k8sclient/client.go:85.16,87.3 1 0
github.com/kust1q/numa-aware-scheduler/internal/agent/k8sclient/client.go:88.2,90.16 3 1
github.com/kust1q/numa-aware-scheduler/internal/agent/k8sclient/client.go:90.16,92.3 1 0
github.com/kust1q/numa-aware-scheduler/internal/agent/k8sclient/client.go:93.2,93.17 1 1
github.com/kust1q/numa-aware-scheduler/internal/scheduler/plugins/numaware/numaware.go:40.36,42.2 1 1
github.com/kust1q/numa-aware-scheduler/internal/scheduler/plugins/numaware/numaware.go:45.93,47.16 2 0
github.com/kust1q/numa-aware-scheduler/internal/scheduler/plugins/numaware/numaware.go:47.16,49.3 1 0
github.com/kust1q/numa-aware-scheduler/internal/scheduler/plugins/numaware/numaware.go:51.2,54.8 1 0
github.com/kust1q/numa-aware-scheduler/internal/scheduler/plugins/numaware/numaware.go:57.106,59.16 2 1
github.com/kust1q/numa-aware-scheduler/internal/scheduler/plugins/numaware/numaware.go:59.16,61.3 1 1
github.com/kust1q/numa-aware-scheduler/internal/scheduler/plugins/numaware/numaware.go:63.2,64.26 2 1
github.com/kust1q/numa-aware-scheduler/internal/scheduler/plugins/numaware/numaware.go:64.26,66.3 1 0
github.com/kust1q/numa-aware-scheduler/internal/scheduler/plugins/numaware/numaware.go:68.2,69.16 2 1
github.com/kust1q/numa-aware-scheduler/internal/scheduler/plugins/numaware/numaware.go:69.16,71.3 1 0
github.com/kust1q/numa-aware-scheduler/internal/scheduler/plugins/numaware/numaware.go:73.2,74.56 2 1
github.com/kust1q/numa-aware-scheduler/internal/scheduler/plugins/numaware/numaware.go:74.56,76.3 1 0
github.com/kust1q/numa-aware-scheduler/internal/scheduler/plugins/numaware/numaware.go:78.2,78.19 1 1
github.com/kust1q/numa-aware-scheduler/internal/scheduler/plugins/numaware/numaware.go:81.42,83.48 2 1
github.com/kust1q/numa-aware-scheduler/internal/scheduler/plugins/numaware/numaware.go:83.48,84.66 1 1
github.com/kust1q/numa-aware-scheduler/internal/scheduler/plugins/numaware/numaware.go:84.66,86.4 1 1
github.com/kust1q/numa-aware-scheduler/internal/scheduler/plugins/numaware/numaware.go:89.2,89.32 1 1
github.com/kust1q/numa-aware-scheduler/internal/scheduler/plugins/numaware/numaware.go:93.136,95.17 2 1
github.com/kust1q/numa-aware-scheduler/internal/scheduler/plugins/numaware/numaware.go:95.17,97.3 1 0
github.com/kust1q/numa-aware-scheduler/internal/scheduler/plugins/numaware/numaware.go:99.2,100.17 2 1
github.com/kust1q/numa-aware-scheduler/internal/scheduler/plugins/numaware/numaware.go:100.17,102.3 1 0
github.com/kust1q/numa-aware-scheduler/internal/scheduler/plugins/numaware/numaware.go:104.2,105.16 2 1
github.com/kust1q/numa-aware-scheduler/internal/scheduler/plugins/numaware/numaware.go:105.16,108.3 1 1
github.com/kust1q/numa-aware-scheduler/internal/scheduler/plugins/numaware/numaware.go:111.2,112.42 2 1
github.com/kust1q/numa-aware-scheduler/internal/scheduler/plugins/numaware/numaware.go:112.42,113.42 1 1
github.com/kust1q/numa-aware-scheduler/internal/scheduler/plugins/numaware/numaware.go:113.42,115.9 2 1
github.com/kust1q/numa-aware-scheduler/internal/scheduler/plugins/numaware/numaware.go:119.2,119.13 1 1
github.com/kust1q/numa-aware-scheduler/internal/scheduler/plugins/numaware/numaware.go:119.13,121.3 1 1
github.com/kust1q/numa-aware-scheduler/internal/scheduler/plugins/numaware/numaware.go:123.2,123.51 1 1
github.com/kust1q/numa-aware-scheduler/internal/scheduler/plugins/numaware/numaware.go:127.129,129.17 2 1
github.com/kust1q/numa-aware-scheduler/internal/scheduler/plugins/numaware/numaware.go:129.17,131.3 1 0
github.com/kust1q/numa-aware-scheduler/internal/scheduler/plugins/numaware/numaware.go:133.2,134.16 2 1
github.com/kust1q/numa-aware-scheduler/internal/scheduler/plugins/numaware/numaware.go:134.16,136.3 1 0
github.com/kust1q/numa-aware-scheduler/internal/scheduler/plugins/numaware/numaware.go:138.2,139.42 2 1
github.com/kust1q/numa-aware-scheduler/internal/scheduler/plugins/numaware/numaware.go:139.42,141.26 2 1
github.com/kust1q/numa-aware-scheduler/internal/scheduler/plugins/numaware/numaware.go:141.26,144.38 3 1
github.com/kust1q/numa-aware-scheduler/internal/scheduler/plugins/numaware/numaware.go:144.38,146.5 1 0
github.com/kust1q/numa-aware-scheduler/internal/scheduler/plugins/numaware/numaware.go:147.4,147.38 1 1
github.com/kust1q/numa-aware-scheduler/internal/scheduler/plugins/numaware/numaware.go:147.38,149.5 1 0
github.com/kust1q/numa-aware-scheduler/internal/scheduler/plugins/numaware/numaware.go:151.4,151.25 1 1
github.com/kust1q/numa-aware-scheduler/internal/scheduler/plugins/numaware/numaware.go:151.25,153.5 1 1
github.com/kust1q/numa-aware-scheduler/internal/scheduler/plugins/numaware/numaware.go:157.2,157.62 1 1
github.com/kust1q/numa-aware-scheduler/internal/scheduler/plugins/numaware/numaware.go:161.66,163.2 1 1
github.com/kust1q/numa-aware-scheduler/cmd/scheduler/main.go:12.13,19.2 3 0
